<?xml version="1.0" encoding="UTF-8"?>
<testng-results ignored="0" total="1" passed="1" failed="0" skipped="0">
  <reporter-output>
  </reporter-output>
  <suite started-at="2022-12-29T17:23:06 EST" name="Default suite" finished-at="2022-12-29T17:24:36 EST" duration-ms="89217">
    <groups>
    </groups>
    <test started-at="2022-12-29T17:23:06 EST" name="Default test" finished-at="2022-12-29T17:24:36 EST" duration-ms="89217">
      <class name="com.codenbox.Appium.Swipe">
        <test-method is-config="true" signature="configureAppium()[pri:0, instance:com.codenbox.Appium.Swipe@57cf54e1]" started-at="2022-12-29T17:23:06 EST" name="configureAppium" finished-at="2022-12-29T17:24:10 EST" duration-ms="63932" status="PASS">
          <reporter-output>
          </reporter-output>
        </test-method> <!-- configureAppium -->
        <test-method signature="swipeDemoTest()[pri:0, instance:com.codenbox.Appium.Swipe@57cf54e1]" started-at="2022-12-29T17:24:10 EST" name="swipeDemoTest" finished-at="2022-12-29T17:24:30 EST" duration-ms="19801" status="PASS">
          <reporter-output>
          </reporter-output>
        </test-method> <!-- swipeDemoTest -->
        <test-method is-config="true" signature="tearDown()[pri:0, instance:com.codenbox.Appium.Swipe@57cf54e1]" started-at="2022-12-29T17:24:30 EST" name="tearDown" finished-at="2022-12-29T17:24:36 EST" duration-ms="5366" status="PASS">
          <reporter-output>
          </reporter-output>
        </test-method> <!-- tearDown -->
      </class> <!-- com.codenbox.Appium.Swipe -->
    </test> <!-- Default test -->
  </suite> <!-- Default suite -->
</testng-results>
